[2025-07-16T23:21:20.853Z] INFO: <<<persistencia en memoria>>
[2025-07-16T23:21:20.856Z] INFO: Servidor express escuchando en http://localhost:8080
[2025-07-16T23:21:38.558Z] INFO: <<<persistencia en memoria>>
[2025-07-16T23:21:38.560Z] INFO: Servidor express escuchando en http://localhost:8080
[2025-07-16T23:21:41.628Z] INFO: <<<persistencia en memoria>>
[2025-07-16T23:21:41.630Z] INFO: Servidor express escuchando en http://localhost:8080
[2025-07-16T23:21:52.462Z] INFO: <<<persistencia en memoria>>
[2025-07-16T23:21:52.464Z] INFO: Servidor express escuchando en http://localhost:8080
[2025-07-16T23:21:52.549Z] INFO: <<<persistencia en memoria>>
[2025-07-16T23:21:52.551Z] INFO: Servidor express escuchando en http://localhost:8080
[2025-07-16T23:22:04.880Z] INFO: <<<persistencia en memoria>>
[2025-07-16T23:22:04.882Z] INFO: Servidor express escuchando en http://localhost:8080
[2025-07-16T23:22:21.509Z] INFO: <<<persistencia en memoria>>
[2025-07-16T23:22:21.512Z] INFO: Servidor express escuchando en http://localhost:8080
[2025-07-16T23:23:33.427Z] INFO: <<<persistencia en memoria>>
[2025-07-16T23:23:33.429Z] INFO: Servidor express escuchando en http://localhost:8080
[2025-07-16T23:23:33.498Z] INFO: Agregando vuelo:{"body":{"id":"ABC123","xa":1000,"ya":2000,"za":3000}}
[2025-07-16T23:23:33.500Z] INFO: Agregando vuelo:{"body":{"id":"123ABC","xa":1000,"ya":2000,"za":3000}}
[2025-07-16T23:23:33.500Z] ERROR: No se pudo guardar el vuelo: El formato de id es inválido. Debe ser ej:'AAA111'
[2025-07-16T23:23:33.500Z] INFO: Solicitando lista de vuelos
[2025-07-16T23:24:16.465Z] INFO: <<<persistencia en memoria>>
[2025-07-16T23:24:16.467Z] INFO: Servidor express escuchando en http://localhost:8080
[2025-07-16T23:24:16.540Z] INFO: Agregando vuelo:{"body":{"id":"ABC123","xa":1000,"ya":2000,"za":3000}}
[2025-07-16T23:24:16.542Z] INFO: Agregando vuelo:{"body":{"id":"123ABC","xa":1000,"ya":2000,"za":3000}}
[2025-07-16T23:24:16.542Z] ERROR: No se pudo guardar el vuelo: El formato de id es inválido. Debe ser ej:'AAA111'
[2025-07-16T23:24:16.543Z] INFO: Solicitando lista de vuelos
[2025-07-16T23:24:46.749Z] INFO: <<<persistencia en memoria>>
[2025-07-16T23:24:46.751Z] INFO: Servidor express escuchando en http://localhost:8080
[2025-07-16T23:24:53.798Z] INFO: <<<persistencia en memoria>>
[2025-07-16T23:24:53.800Z] INFO: Servidor express escuchando en http://localhost:8080
[2025-07-16T23:25:38.583Z] INFO: <<<persistencia en memoria>>
[2025-07-16T23:25:38.586Z] INFO: Servidor express escuchando en http://localhost:8080
[2025-07-16T23:25:53.512Z] INFO: <<<persistencia en memoria>>
[2025-07-16T23:25:53.514Z] INFO: Servidor express escuchando en http://localhost:8080
[2025-07-16T23:26:03.376Z] INFO: <<<persistencia en memoria>>
[2025-07-16T23:26:03.378Z] INFO: Servidor express escuchando en http://localhost:8080
[2025-07-16T23:26:11.989Z] INFO: Agregando vuelo:{"body":{"id":"ABC123","xa":1000,"ya":2000,"za":3000}}
[2025-07-16T23:26:11.992Z] INFO: Agregando vuelo:{"body":{"id":"123ABC","xa":1000,"ya":2000,"za":3000}}
[2025-07-16T23:26:11.992Z] ERROR: No se pudo guardar el vuelo: El formato de id es inválido. Debe ser ej:'AAA111'
[2025-07-16T23:26:11.993Z] INFO: Solicitando lista de vuelos
[2025-07-16T23:26:22.131Z] INFO: <<<persistencia en memoria>>
[2025-07-16T23:26:22.133Z] INFO: Servidor express escuchando en http://localhost:8080
[2025-07-16T23:26:22.206Z] INFO: <<<persistencia en memoria>>
[2025-07-16T23:26:22.208Z] INFO: Servidor express escuchando en http://localhost:8080
[2025-07-16T23:26:33.118Z] INFO: <<<persistencia en memoria>>
[2025-07-16T23:26:33.120Z] INFO: Servidor express escuchando en http://localhost:8080
[2025-07-16T23:26:33.171Z] INFO: Agregando vuelo:{"body":{"id":"ABC123","xa":1000,"ya":2000,"za":3000}}
[2025-07-16T23:26:33.173Z] INFO: Agregando vuelo:{"body":{"id":"123ABC","xa":1000,"ya":2000,"za":3000}}
[2025-07-16T23:26:33.173Z] ERROR: No se pudo guardar el vuelo: El formato de id es inválido. Debe ser ej:'AAA111'
[2025-07-16T23:26:33.174Z] INFO: Solicitando lista de vuelos
[2025-07-16T23:26:36.979Z] INFO: Agregando vuelo:{"body":{"id":"ABC123","xa":1000,"ya":2000,"za":3000}}
[2025-07-16T23:26:36.982Z] INFO: Agregando vuelo:{"body":{"id":"123ABC","xa":1000,"ya":2000,"za":3000}}
[2025-07-16T23:26:36.982Z] ERROR: No se pudo guardar el vuelo: El formato de id es inválido. Debe ser ej:'AAA111'
[2025-07-16T23:26:36.982Z] INFO: Solicitando lista de vuelos
[2025-07-16T23:29:30.349Z] INFO: Agregando vuelo:{"method":"POST","url":"/api/vuelos/agregar","body":{"id":"123444","xa":22,"ya":2,"za":2},"query":{},"params":{}}
[2025-07-16T23:29:30.349Z] ERROR: No se pudo guardar el vuelo: El formato de id es inválido. Debe ser ej:'AAA111'
[2025-07-16T23:29:40.117Z] INFO: Agregando vuelo:{"method":"POST","url":"/api/vuelos/agregar","body":{"id":"AAABBB","xa":22,"ya":2,"za":2},"query":{},"params":{}}
[2025-07-16T23:29:40.118Z] ERROR: No se pudo guardar el vuelo: El formato de id es inválido. Debe ser ej:'AAA111'
[2025-07-16T23:29:45.488Z] INFO: Agregando vuelo:{"method":"POST","url":"/api/vuelos/agregar","body":{"id":"AAA222","xa":22,"ya":2,"za":2},"query":{},"params":{}}
[2025-07-16T23:29:54.676Z] INFO: Agregando vuelo:{"method":"POST","url":"/api/vuelos/agregar","body":{"id":"AAA222","xa":22,"ya":22,"za":2},"query":{},"params":{}}
[2025-07-16T23:29:57.165Z] INFO: Solicitando lista de vuelos
[2025-07-16T23:31:12.748Z] INFO: <<<persistencia en memoria>>
[2025-07-16T23:31:12.751Z] INFO: Servidor express escuchando en http://localhost:8080
[2025-07-16T23:31:12.777Z] INFO: Agregando vuelo:{"body":{"id":"ABC123","xa":1000,"ya":2000,"za":3000}}
[2025-07-16T23:31:12.779Z] INFO: Agregando vuelo:{"body":{"id":"123ABC","xa":1000,"ya":2000,"za":3000}}
[2025-07-16T23:31:12.779Z] ERROR: No se pudo guardar el vuelo: El formato de id es inválido. Debe ser ej:'AAA111'
[2025-07-16T23:31:12.779Z] INFO: Solicitando lista de vuelos
[2025-07-16T23:33:52.237Z] INFO: <<<persistencia en memoria>>
[2025-07-16T23:33:52.239Z] INFO: Servidor express escuchando en http://localhost:8080
[2025-07-16T23:35:33.156Z] INFO: <<<persitencia en FS>>>
[2025-07-16T23:35:33.159Z] INFO: Servidor express escuchando en http://localhost:8080
[2025-07-16T23:35:56.820Z] INFO: Agregando vuelo:{"method":"POST","url":"/api/vuelos/agregar","body":{"id":"AAA222","xa":22,"ya":22,"za":2},"query":{},"params":{}}
[2025-07-16T23:35:57.039Z] INFO: <<<persitencia en FS>>>
[2025-07-16T23:35:57.042Z] INFO: Servidor express escuchando en http://localhost:8080
[2025-07-16T23:36:04.381Z] INFO: Agregando vuelo:{"method":"POST","url":"/api/vuelos/agregar","body":{"id":"AAA222","xa":22,"ya":22,"za":22323},"query":{},"params":{}}
[2025-07-16T23:36:04.600Z] INFO: <<<persitencia en FS>>>
[2025-07-16T23:36:04.602Z] INFO: Servidor express escuchando en http://localhost:8080
[2025-07-16T23:36:05.614Z] INFO: Solicitando lista de vuelos
[2025-07-16T23:36:12.313Z] INFO: Agregando vuelo:{"method":"POST","url":"/api/vuelos/agregar","body":{"id":"AAA2223","xa":22,"ya":22,"za":22323},"query":{},"params":{}}
[2025-07-16T23:36:12.313Z] ERROR: No se pudo guardar el vuelo: El formato de id es inválido. Debe ser ej:'AAA111'
[2025-07-16T23:36:15.904Z] INFO: Agregando vuelo:{"method":"POST","url":"/api/vuelos/agregar","body":{"id":"AAA226","xa":22,"ya":22,"za":22323},"query":{},"params":{}}
[2025-07-16T23:36:15.906Z] WARN: [ALERTA VUELO] 
[2025-07-16T23:36:16.127Z] INFO: <<<persitencia en FS>>>
[2025-07-16T23:36:16.129Z] INFO: Servidor express escuchando en http://localhost:8080
[2025-07-16T23:36:17.088Z] INFO: Solicitando lista de vuelos
[2025-07-16T23:37:51.112Z] INFO: <<<persistencia en memoria>>
[2025-07-16T23:37:51.114Z] INFO: Servidor express escuchando en http://localhost:8080
[2025-07-16T23:37:51.114Z] INFO: Error en servidor: listen EADDRINUSE: address already in use :::8080
[2025-07-16T23:37:51.469Z] INFO: Agregando vuelo:{"body":{"id":"ABC123","xa":1000,"ya":2000,"za":3000}}
[2025-07-16T23:37:51.473Z] INFO: Agregando vuelo:{"body":{"id":"123ABC","xa":1000,"ya":2000,"za":3000}}
[2025-07-16T23:37:51.473Z] ERROR: No se pudo guardar el vuelo: El formato de id es inválido. Debe ser ej:'AAA111'
[2025-07-16T23:37:51.473Z] INFO: Solicitando lista de vuelos
[2025-07-16T23:37:51.545Z] INFO: Agregando vuelo:{"body":{"id":"ABC123","xa":1000,"ya":2000,"za":3000}}
[2025-07-16T23:37:51.548Z] INFO: Agregando vuelo:{"body":{"id":"123ABC","xa":1000,"ya":2000,"za":3000}}
[2025-07-16T23:37:51.548Z] ERROR: No se pudo guardar el vuelo: El formato de id es inválido. Debe ser ej:'AAA111'
[2025-07-16T23:37:51.548Z] INFO: Solicitando lista de vuelos
[2025-07-16T23:40:07.113Z] INFO: Solicitando lista de vuelos
[2025-07-16T23:40:31.631Z] INFO: Eliminando vuelo:{"method":"DELETE","url":"/api/vuelos/eliminar","body":{"id":"AAA222"},"query":{},"params":{}}
[2025-07-16T23:40:31.884Z] INFO: <<<persitencia en FS>>>
[2025-07-16T23:40:31.886Z] INFO: Servidor express escuchando en http://localhost:8080
[2025-07-16T23:40:33.880Z] INFO: Solicitando lista de vuelos
